[2022-06-26 15:13:12] picocom v3.1
[2022-06-26 15:13:12] 
[2022-06-26 15:13:12] port is        : /dev/ttyACM0
[2022-06-26 15:13:12] flowcontrol    : none
[2022-06-26 15:13:12] baudrate is    : 2000000
[2022-06-26 15:13:12] parity is      : none
[2022-06-26 15:13:12] databits are   : 8
[2022-06-26 15:13:12] stopbits are   : 1
[2022-06-26 15:13:12] escape is      : C-a
[2022-06-26 15:13:12] local echo is  : no
[2022-06-26 15:13:12] noinit is      : no
[2022-06-26 15:13:12] noreset is     : no
[2022-06-26 15:13:12] hangup is      : no
[2022-06-26 15:13:12] nolock is      : no
[2022-06-26 15:13:12] send_cmd is    : sz -vv
[2022-06-26 15:13:12] receive_cmd is : rz -vv -E
[2022-06-26 15:13:12] imap is        : 
[2022-06-26 15:13:12] omap is        : 
[2022-06-26 15:13:12] emap is        : crcrlf,delbs,
[2022-06-26 15:13:12] logfile is     : none
[2022-06-26 15:13:12] initstring     : none
[2022-06-26 15:13:12] exit_after is  : not set
[2022-06-26 15:13:12] exit is        : no
[2022-06-26 15:13:12] 
[2022-06-26 15:13:12] Type [C-a] [C-h] to see available commands
[2022-06-26 15:13:12] Terminal ready
[2022-06-26 15:13:15] Starting bl602 now....
[2022-06-26 15:13:15] Booting BL602 Chip...
[2022-06-26 15:13:15] ██████╗ ██╗      ██████╗  ██████╗ ██████╗
[2022-06-26 15:13:15] ██╔══██╗██║     ██╔════╝ ██╔═████╗╚════██╗
[2022-06-26 15:13:15] ██████╔╝██║     ███████╗ ██║██╔██║ █████╔╝
[2022-06-26 15:13:15] ██╔══██╗██║     ██╔═══██╗████╔╝██║██╔═══╝
[2022-06-26 15:13:15] ██████╔╝███████╗╚██████╔╝╚██████╔╝███████╗
[2022-06-26 15:13:15] ╚═════╝ ╚══════╝ ╚═════╝  ╚═════╝ ╚══════╝
[2022-06-26 15:13:15] 
[2022-06-26 15:13:15] 
[2022-06-26 15:13:15] ------------------------------------------------------------
[2022-06-26 15:13:15] RISC-V Core Feature:RV32-ACFIMX
[2022-06-26 15:13:15] Build Version: 
[2022-06-26 15:13:15] Build Date: Jun 24 2022
[2022-06-26 15:13:15] Build Time: 22:50:17
[2022-06-26 15:13:15] ------------------------------------------------------------
[2022-06-26 15:13:15] 
[2022-06-26 15:13:15] blog init set power on level 2, 2, 2.
[2022-06-26 15:13:15] [IRQ] Clearing and Disable all the pending IRQ...
[2022-06-26 15:13:15] Read slot:0
[2022-06-26 15:13:15] Read slot:0
[2022-06-26 15:13:15] No written slot found[         0][BUF: ../../examples/lighting-app/bouffalolab/bl602/third_party/connectedhomeip/third_party/bouffalolab/bl602_sdk/repo/components/platform/hosal/bl602_hal/hal_board.c: 606]   0   0   0   0   0   0   0   0   0   0   0   0   0   0 
[2022-06-26 15:13:15] [OS] Starting aos_loop_proc task...
[2022-06-26 15:13:15] [OS] Starting OS Scheduler...
[2022-06-26 15:13:15] === 32 task inited
[2022-06-26 15:13:15] ====== bloop dump ======
[2022-06-26 15:13:15]   bitmap_evt 0
[2022-06-26 15:13:15]   bitmap_msg 0
[2022-06-26 15:13:15] --->>> timer list:
[2022-06-26 15:13:15]   32 task:
[2022-06-26 15:13:15]     task[31] : SYS [built-in]
[2022-06-26 15:13:15]       evt handler 0x230507ca, msg handler 0x2305079a, trigged cnt 0, bitmap async 0 sync 0, time consumed 0us acc 0ms, max 0us
[2022-06-26 15:13:15]     task[30] : empty
[2022-06-26 15:13:15]     task[29] : empty
[2022-06-26 15:13:15]     task[28] : empty
[2022-06-26 15:13:15]     task[27] : empty
[2022-06-26 15:13:15]     task[26] : empty
[2022-06-26 15:13:15]     task[25] : empty
[2022-06-26 15:13:15]     task[24] : empty
[2022-06-26 15:13:15]     task[23] : empty
[2022-06-26 15:13:15]     task[22] : empty
[2022-06-26 15:13:15]     task[21] : empty
[2022-06-26 15:13:15]     task[20] : empty
[2022-06-26 15:13:15]     task[19] : empty
[2022-06-26 15:13:15]     task[18] : empty
[2022-06-26 15:13:15]     task[17] : empty
[2022-06-26 15:13:15]     task[16] : empty
[2022-06-26 15:13:15]     task[15] : empty
[2022-06-26 15:13:15]     task[14] : empty
[2022-06-26 15:13:15]     task[13] : empty
[2022-06-26 15:13:15]     task[12] : empty
[2022-06-26 15:13:15]     task[11] : empty
[2022-06-26 15:13:15]     task[10] : empty
[2022-06-26 15:13:15]     task[09] : empty
[2022-06-26 15:13:15]     task[08] : empty
[2022-06-26 15:13:15]     task[07] : empty
[2022-06-26 15:13:15]     task[06] : empty
[2022-06-26 15:13:15]     task[05] : empty
[2022-06-26 15:13:15]     task[04] : empty
[2022-06-26 15:13:15]     task[03] : empty
[2022-06-26 15:13:15]     task[02] : empty
[2022-06-26 15:13:15]     task[01] : empty
[2022-06-26 15:13:15]     task[00] : empty
[2022-06-26 15:13:15] [         9][:588256632] ==================================================
[2022-06-26 15:13:15] [         9][:588256632] chip-bl602-lighting-example starting
[2022-06-26 15:13:15] [         9][:588256632] ==================================================
[2022-06-26 15:13:15] [        10][:588256632] ------------------------Starting App Task---------------------------
[2022-06-26 15:13:15] [MTD] >>>>>> Hanlde info Dump >>>>>>
[2022-06-26 15:13:15]       name PSM
[2022-06-26 15:13:15]       id 0
[2022-06-26 15:13:15]       offset 0x00273000(2568192)
[2022-06-26 15:13:15]       size 0x00033000(204Kbytes)
[2022-06-26 15:13:15]       xip_addr 0x23262000
[2022-06-26 15:13:15] [MTD] <<<<<< Hanlde info End <<<<<<
[2022-06-26 15:13:15] [EF] Found Valid PSM partition, XIP Addr 23262000, flash addr 00273000
[2022-06-26 15:13:15] *default_env_size = 0x00000001
[2022-06-26 15:13:15] ENV start address is 0x00000000, size is 32768 bytes.
[2022-06-26 15:13:15] EasyFlash V4.0.99 is initialize success.
[2022-06-26 15:13:15] You can get the latest version on https://github.com/armink/EasyFlash .
[2022-06-26 15:13:15] [        31][:588257684] err: 0
[2022-06-26 15:13:15] [BL] [SEC] Faile[BL] [SEC] TRNG Handler
[2022-06-26 15:13:15] d after loop (17)
[2022-06-26 15:13:15] -------------------->>>>>>>> LWIP tcp_port 58225
[2022-06-26 15:13:15] 1th channel,lo_vco_freq_cw=160
[2022-06-26 15:13:15] 2th channel,lo_vco_freq_cw=159
[2022-06-26 15:13:15] 3th channel,lo_vco_freq_cw=157
[2022-06-26 15:13:15] 4th channel,lo_vco_freq_cw=156
[2022-06-26 15:13:15] 5th channel,lo_vco_freq_cw=155
[2022-06-26 15:13:15] 6th channel,lo_vco_freq_cw=153
[2022-06-26 15:13:15] 7th channel,lo_vco_freq_cw=152
[2022-06-26 15:13:15] 8th channel,lo_vco_freq_cw=151
[2022-06-26 15:13:15] 9th channel,lo_vco_freq_cw=149
[2022-06-26 15:13:15] 10th channel,lo_vco_freq_cw=148
[2022-06-26 15:13:15] 11th channel,lo_vco_freq_cw=147
[2022-06-26 15:13:15] 12th channel,lo_vco_freq_cw=146
[2022-06-26 15:13:15] 13th channel,lo_vco_freq_cw=144
[2022-06-26 15:13:15] 14th channel,lo_vco_freq_cw=143
[2022-06-26 15:13:15] 15th channel,lo_vco_freq_cw=142
[2022-06-26 15:13:15] 16th channel,lo_vco_freq_cw=140
[2022-06-26 15:13:15] 17th channel,lo_vco_freq_cw=139
[2022-06-26 15:13:15] 18th channel,lo_vco_freq_cw=138
[2022-06-26 15:13:15] 19th channel,lo_vco_freq_cw=137
[2022-06-26 15:13:15] 20th channel,lo_vco_freq_cw=135
[2022-06-26 15:13:15] 21th channel,lo_vco_freq_cw=134
[2022-06-26 15:13:15] 0th channel,vco_idac_cw=9
[2022-06-26 15:13:15] 1th channel,vco_idac_cw=7
[2022-06-26 15:13:15] 2th channel,vco_idac_cw=7
[2022-06-26 15:13:15] 3th channel,vco_idac_cw=8
[2022-06-26 15:13:15] 4th channel,vco_idac_cw=7
[2022-06-26 15:13:15] 5th channel,vco_idac_cw=8
[2022-06-26 15:13:15] 6th channel,vco_idac_cw=8
[2022-06-26 15:13:15] 7th channel,vco_idac_cw=7
[2022-06-26 15:13:15] 8th channel,vco_idac_cw=7
[2022-06-26 15:13:15] 9th channel,vco_idac_cw=7
[2022-06-26 15:13:15] 10th channel,vco_idac_cw=7
[2022-06-26 15:13:15] 11th channel,vco_idac_cw=7
[2022-06-26 15:13:15] 12th channel,vco_idac_cw=8
[2022-06-26 15:13:15] 13th channel,vco_idac_cw=7
[2022-06-26 15:13:15] 14th channel,vco_idac_cw=7
[2022-06-26 15:13:15] 15th channel,vco_idac_cw=7
[2022-06-26 15:13:15] 16th channel,vco_idac_cw=7
[2022-06-26 15:13:15] 17th channel,vco_idac_cw=7
[2022-06-26 15:13:15] 18th channel,vco_idac_cw=7
[2022-06-26 15:13:15] 19th channel,vco_idac_cw=7
[2022-06-26 15:13:15] 20th channel,vco_idac_cw=7
[2022-06-26 15:13:15] LO locked 9 148
[2022-06-26 15:13:15] rosdac_i_gc3=27
[2022-06-26 15:13:15] rosdac_i_gc2=27
[2022-06-26 15:13:15] rosdac_i_gc1=27
[2022-06-26 15:13:15] rosdac_i_gc0=27
[2022-06-26 15:13:15] rosdac_q_gc3=33
[2022-06-26 15:13:15] rosdac_q_gc2=33
[2022-06-26 15:13:15] rosdac_q_gc1=33
[2022-06-26 15:13:15] rosdac_q_gc0=33
[2022-06-26 15:13:15] rbb_cap1_fc_i=31,rbb_cap2_fc_i=31,rbb_cap1_fc_q=31,rbb_cap2_fc_q=31
[2022-06-26 15:13:15] new rbb_cap1_fc_i=55,rbb_cap2_fc_i=55,rbb_cap1_fc_q=55,rbb_cap2_fc_q=55
[2022-06-26 15:13:15] LO locked 9 148
[2022-06-26 15:13:15] amp=128,step=32,adc_mean_i=68
[2022-06-26 15:13:15] amp=160,step=16,adc_mean_i=90
[2022-06-26 15:13:15] amp=176,step=8,adc_mean_i=103
[2022-06-26 15:13:15] tmx_cs=0, tmxcs_pwr_avg=44246, tmxcs_pwr_avg>>10=43
[2022-06-26 15:13:15] tmx_cs=1, tmxcs_pwr_avg=49982, tmxcs_pwr_avg>>10=48
[2022-06-26 15:13:15] tmx_cs=2, tmxcs_pwr_avg=59278, tmxcs_pwr_avg>>10=57
[2022-06-26 15:13:15] tmx_cs=3, tmxcs_pwr_avg=73120, tmxcs_pwr_avg>>10=71
[2022-06-26 15:13:15] tmx_cs=4, tmxcs_pwr_avg=90901, tmxcs_pwr_avg>>10=88
[2022-06-26 15:13:15] tmx_cs=5, tmxcs_pwr_avg=105427, tmxcs_pwr_avg>>10=102
[2022-06-26 15:13:15] tmx_cs=6, tmxcs_pwr_avg=102822, tmxcs_pwr_avg>>10=100
[2022-06-26 15:13:15] tmx_cs=7, tmxcs_pwr_avg=85201, tmxcs_pwr_avg>>10=83
[2022-06-26 15:13:15] tmx_cs_max=5, tmxcs_pwr_max=105427, tmxcs_pwr_max>>10=102
[2022-06-26 15:13:15] amp=256,step=64,adc_mean_i=-168
[2022-06-26 15:13:15] amp=320,step=32,adc_mean_i=-50
[2022-06-26 15:13:15] amp=352,step=16,adc_mean_i=15
[2022-06-26 15:13:15] amp=368,step=8,adc_mean_i=48
[2022-06-26 15:13:15] amp=376,step=4,adc_mean_i=63
[2022-06-26 15:13:15] amp=380,step=2,adc_mean_i=73
[2022-06-26 15:13:15] amp=382,step=1,adc_mean_i=77
[2022-06-26 15:13:15] amp=383,step=0,adc_mean_i=80
[2022-06-26 15:13:15] tosdac_i=31,tosdac_q=29,tx_iq_gain_comp=1043,tx_iq_phase_comp=-5
[2022-06-26 15:13:15] amp=256,step=64,adc_mean_i=75
[2022-06-26 15:13:15] amp=320,step=32,adc_mean_i=151
[2022-06-26 15:13:15] amp=352,step=16,adc_mean_i=193
[2022-06-26 15:13:15] tosdac_i=36,tosdac_q=29,tx_iq_gain_comp=1055,tx_iq_phase_comp=-3
[2022-06-26 15:13:15] amp=256,step=64,adc_mean_i=124
[2022-06-26 15:13:15] amp=320,step=32,adc_mean_i=175
[2022-06-26 15:13:15] amp=352,step=16,adc_mean_i=203
[2022-06-26 15:13:15] tosdac_i=32,tosdac_q=36,tx_iq_gain_comp=1042,tx_iq_phase_comp=-2
[2022-06-26 15:13:15] amp=272,step=68,adc_mean_i=102
[2022-06-26 15:13:15] amp=340,step=34,adc_mean_i=235
[2022-06-26 15:13:15] tosdac_i=28,tosdac_q=34,tx_iq_gain_comp=1037,tx_iq_phase_comp=-7
[2022-06-26 15:13:15] amp=224,step=56,adc_mean_i=195
[2022-06-26 15:13:15] tosdac_i=30,tosdac_q=33,tx_iq_gain_comp=1032,tx_iq_phase_comp=-2
[2022-06-26 15:13:15] amp=272,step=68,adc_mean_i=196
[2022-06-26 15:13:15] tosdac_i=35,tosdac_q=34,tx_iq_gain_comp=1025,tx_iq_phase_comp=-6
[2022-06-26 15:13:15] amp=288,step=72,adc_mean_i=181
[2022-06-26 15:13:15] amp=360,step=36,adc_mean_i=258
[2022-06-26 15:13:15] tosdac_i=31,tosdac_q=35,tx_iq_gain_comp=1039,tx_iq_phase_comp=-10
[2022-06-26 15:13:15] amp=304,step=76,adc_mean_i=200
[2022-06-26 15:13:15] tosdac_i=31,tosdac_q=36,tx_iq_gain_comp=1041,tx_iq_phase_comp=-9
[2022-06-26 15:13:15] [WF] [KEY] [CFG] nVAP is 2, endidx 10, startidx 8
[2022-06-26 15:13:15] td_init
[2022-06-26 15:13:15] td_reset idx=0
[2022-06-26 15:13:15] td_reset idx=1
[2022-06-26 15:13:15] [BL] [SEC] TRNG Handler
[2022-06-26 15:13:15] [BL] [SEC] TRNG Handler
[2022-06-26 15:13:15] [BL] [SEC] TRNG Handler
[2022-06-26 15:13:15] [BL] [SEC] TRNG Handler
[2022-06-26 15:13:15] [BL] [SEC] TRNG Handler
[2022-06-26 15:13:15] [BL] [SEC] TRNG Handler
[2022-06-26 15:13:15] [BL] [SEC] TRNG Handler
[2022-06-26 15:13:15] [BL] [SEC] TRNG Handler
[2022-06-26 15:13:15] [BL] [SEC] TRNG Handler
[2022-06-26 15:13:15] [       160][:588257284] addr@0x2311b4cc is xip flash, size 9
[2022-06-26 15:13:15] [       164][:588256632] trace
[2022-06-26 15:13:15] [       164][:588256632] trace
[2022-06-26 15:13:15] [BL] [SEC] TRNG Handler
[2022-06-26 15:13:15] [       165][:588256632] [DL] BLE address was set to FE:A3:09:24:54:1C
[2022-06-26 15:13:15] [       165][:588256632] trace
[2022-06-26 15:13:15] [       165][:588256632] trace
[2022-06-26 15:13:15] [BL] [SEC] TRNG Handler
[2022-06-26 15:13:15] [BL] [SEC] TRNG Handler
[2022-06-26 15:13:15] [       167][:588256632] trace
[2022-06-26 15:13:15] [       168][:588256632] trace
[2022-06-26 15:13:15] [BL] [SEC] TRNG Handler
[2022-06-26 15:13:15] [       178][:588256632] err: 0
[2022-06-26 15:13:15] [       178][:588256632] trace
[2022-06-26 15:13:15] [       178][:588256632] trace
[2022-06-26 15:13:15] [       178][:588256632] trace
[2022-06-26 15:13:15] [       178][:588256632] trace
[2022-06-26 15:13:15] [       179][:588256632] err: 0
[2022-06-26 15:13:15] [       179][:588256632] trace
[2022-06-26 15:13:15] 
[2022-06-26 15:13:15] 
[2022-06-26 15:13:15] [BL] Initi Wi-Fi with MAC #### A8:17:10:3D:39:5D ####
[2022-06-26 15:13:15]      hostname: 
[2022-06-26 15:13:15] [WF] country code CN used, num of channel 13
[2022-06-26 15:13:15] -----------------------------------------------------[IPC] [TX] Low level size 204, driver size 92, total size 296
[2022-06-26 15:13:15] Enable BMX IRQ
[2022-06-26 15:13:15] [WF] [KEY] [CFG] nVAP is 2, endidx 10, startidx 8
[2022-06-26 15:13:15] td_init
[2022-06-26 15:13:15] td_reset idx=0
[2022-06-26 15:13:15] td_reset idx=1
[2022-06-26 15:13:15] [       185][:588256632] App Task entered
[2022-06-26 15:13:15] [       184][:588347800] [DL] CHIP task running
[2022-06-26 15:13:15] [       187][:588347800] [DL] In DriveBLEState
[2022-06-26 15:13:15] [version] lmac 5.4.0.0
[2022-06-26 15:13:15] [ME] HT supp 1, VHT supp 0
[2022-06-26 15:13:15] [WF] country code CN used, num of channel 13
[2022-06-26 15:13:15] [WF][SM] reload tsen [WF][SM] Exiting ifaceDown state
[2022-06-26 15:13:15] [       195][:588256632] CODE_WIFI_ON_INIT_DONE DONE.
[2022-06-26 15:13:15] [       198][:588257684] Network commissioning failed, err:160 
[2022-06-26 15:13:15] [       199][:588256632] [SVR] Server initializing...
[2022-06-26 15:13:15] [       202][:588347800] [FP] Initializing FabricTable from persistent storage
[2022-06-26 15:13:15] [       208][:588256632] [DL] CHIPoBLE advertising started
[2022-06-26 15:13:15] [       209][:588256632] [TS] Last Known Good Time: [unknown]
[2022-06-26 15:13:15] [       210][:588256632] [TS] Setting Last Known Good Time to firmware build time 2022-06-24T22:50:56
[2022-06-26 15:13:15] [       219][:588256632] [DMG] AccessControl: initializing
[2022-06-26 15:13:15] [       220][:588256632] [DMG] Examples::AccessControlDelegate::Init
[2022-06-26 15:13:15] [       220][:588256632] [DMG] AccessControl: setting
[2022-06-26 15:13:15] [       220][:588256632] [DMG] DefaultAclStorage: initializing
[2022-06-26 15:13:15] [       221][:588256632] [DMG] DefaultAclStorage: 0 entries loaded
[2022-06-26 15:13:15] [       221][:588256632] [ZCL] Using ZAP configuration...
[2022-06-26 15:13:15] [       225][:588347800] [DMG] Failed to read stored attribute (0, 0x0000_0028, 0x0000_0005: a0
[2022-06-26 15:13:15] [       228][:588347800] [DMG] Failed to read stored attribute (0, 0x0000_0028, 0x0000_0010: a0
[2022-06-26 15:13:15] [       232][:588347800] [DMG] Failed to read stored attribute (0, 0x0000_002B, 0x0000_0000: a0
[2022-06-26 15:13:15] [       235][:588347800] [DMG] Failed to read stored attribute (0, 0x0000_002C, 0x0000_0000: a0
[2022-06-26 15:13:15] [       238][:588347800] [DMG] Failed to read stored attribute (0, 0x0000_002C, 0x0000_0001: a0
[2022-06-26 15:13:15] [       242][:588347800] [DMG] Failed to read stored attribute (1, 0x0000_0006, 0x0000_0000: a0
[2022-06-26 15:13:15] [       245][:588347800] [DMG] Failed to read stored attribute (1, 0x0000_0006, 0x0000_4003: a0
[2022-06-26 15:13:15] [       249][:588347800] [DMG] Failed to read stored attribute (1, 0x0000_0008, 0x0000_0000: a0
[2022-06-26 15:13:15] [       252][:588347800] [DMG] Failed to read stored attribute (1, 0x0000_0008, 0x0000_4000: a0
[2022-06-26 15:13:15] [       253][:588256632] [DMG] AccessControlCluster: initializing
[2022-06-26 15:13:15] [       254][:588347800] [DMG] Endpoint 0, Cluster 0x0000_0030 update version to 83d36b3e
[2022-06-26 15:13:15] [       254][:588256632] PostAttributeChangeCallback - Cluster ID: '0x0030', EndPoint ID: '0x00', Attribute ID: '0x0000'
[2022-06-26 15:13:15] [       255][:588256632] Unhandled cluster ID: 48
[2022-06-26 15:13:15] [       255][:588256632] [ZCL] Initiating Admin Commissioning cluster.
[2022-06-26 15:13:15] [       256][:588347800] [DMG] Endpoint 0, Cluster 0x0000_0004 update version to 41c042e4
[2022-06-26 15:13:15] [       257][:588256632] PostAttributeChangeCallback - Cluster ID: '0x0004', EndPoint ID: '0x00', Attribute ID: '0x0000'
[2022-06-26 15:13:15] [       257][:588256632] Unhandled cluster ID: 4
[2022-06-26 15:13:15] [       265][:588347800] [DMG] Endpoint 0, Cluster 0x0000_002B update version to 8ccb50e4
[2022-06-26 15:13:15] [       265][:588256632] PostAttributeChangeCallback - Cluster ID: '0x002b', EndPoint ID: '0x00', Attribute ID: '0x0000'
[2022-06-26 15:13:15] [       266][:588256632] Unhandled cluster ID: 43
[2022-06-26 15:13:15] [       267][:588347800] [DMG] Endpoint 1, Cluster 0x0000_0003 update version to c569925f
[2022-06-26 15:13:15] [       267][:588256632] PostAttributeChangeCallback - Cluster ID: '0x0003', EndPoint ID: '0x01', Attribute ID: '0x0001'
[2022-06-26 15:13:15] [       268][:588256632] Unhandled Attribute ID: '0x0001
[2022-06-26 15:13:15] [       269][:588347800] [DMG] Endpoint 1, Cluster 0x0000_0004 update version to 993fa6e2
[2022-06-26 15:13:15] [       269][:588256632] PostAttributeChangeCallback - Cluster ID: '0x0004', EndPoint ID: '0x01', Attribute ID: '0x0000'
[2022-06-26 15:13:15] [       270][:588256632] Unhandled cluster ID: 4
[2022-06-26 15:13:15] [       270][:588256632] [ZCL] On/Off set value: 1 0
[2022-06-26 15:13:15] [       271][:588256632] [ZCL] On/off already set to new value
[2022-06-26 15:13:15] [       279][:588347800] [DMG] Endpoint 1, Cluster 0x0000_0008 update version to 5604a8e4
[2022-06-26 15:13:15] [       280][:588256632] PostAttributeChangeCallback - Cluster ID: '0x0008', EndPoint ID: '0x01', Attribute ID: '0x0000'
[2022-06-26 15:13:15] [       281][:588256632] mDefaultOnBrightness: 255, brightness: 0
[2022-06-26 15:13:15] [       281][:588256632] brightness: 0, mHue: 0, mSaturation: 0, red: 0, green: 0, blue: 0
[2022-06-26 15:13:15] [       282][:588256632] red level: 0
[2022-06-26 15:13:15] [       282][:588256632] green level: 0
[2022-06-26 15:13:15] [       282][:588256632] blue level: 0
[2022-06-26 15:13:15] [       333][:588347800] [DMG] Endpoint 1, Cluster 0x0000_0300 update version to aa658bb4
[2022-06-26 15:13:15] [       333][:588256632] PostAttributeChangeCallback - Cluster ID: '0x0300', EndPoint ID: '0x01', Attribute ID: '0x0007'
[2022-06-26 15:13:15] [       334][:588256632] Unhandled AttributeId ID: '0x0007
[2022-06-26 15:13:15] [       334][:588347800] [DMG] Endpoint 1, Cluster 0x0000_0300 update version to aa658bb5
[2022-06-26 15:13:15] [       335][:588256632] PostAttributeChangeCallback - Cluster ID: '0x0300', EndPoint ID: '0x01', Attribute ID: '0x0008'
[2022-06-26 15:13:15] [       336][:588256632] Unhandled AttributeId ID: '0x0008
[2022-06-26 15:13:15] [       336][:588347800] [DMG] Endpoint 1, Cluster 0x0000_0300 update version to aa658bb6
[2022-06-26 15:13:15] [       337][:588256632] PostAttributeChangeCallback - Cluster ID: '0x0300', EndPoint ID: '0x01', Attribute ID: '0x4001'
[2022-06-26 15:13:15] [       337][:588256632] Unhandled AttributeId ID: '0x4001
[2022-06-26 15:13:15] [       338][:588347800] [DMG] Endpoint 1, Cluster 0x0000_0406 update version to f987a807
[2022-06-26 15:13:15] [       338][:588256632] PostAttributeChangeCallback - Cluster ID: '0x0406', EndPoint ID: '0x01', Attribute ID: '0x0001'
[2022-06-26 15:13:15] [       339][:588256632] Unhandled cluster ID: 1030
[2022-06-26 15:13:15] [       340][:588347800] [DMG] Endpoint 1, Cluster 0x0000_0406 update version to f987a808
[2022-06-26 15:13:15] [       340][:588256632] PostAttributeChangeCallback - Cluster ID: '0x0406', EndPoint ID: '0x01', Attribute ID: '0x0002'
[2022-06-26 15:13:15] [       341][:588256632] Unhandled cluster ID: 1030
[2022-06-26 15:13:15] [       344][:588347800] [IN] UDP::Init bind&listen port=5540
[2022-06-26 15:13:15] [       345][:588347800] [IN] UDP::Init bound to port=5540
[2022-06-26 15:13:15] [       346][:588347800] [IN] UDP::Init bind&listen port=5540
[2022-06-26 15:13:15] [       346][:588347800] [IN] UDP::Init bound to port=5540
[2022-06-26 15:13:15] [       346][:588347800] [IN] BLEBase::Init - setting/overriding transport
[2022-06-26 15:13:15] [       347][:588347800] [IN] TransportMgr initialized
[2022-06-26 15:13:15] [       396][:588347800] [IN] SecureSession[0x42021190]: Allocated Type:1 LSID:19816
[2022-06-26 15:13:15] [       397][:588347800] [SC] Assigned local session key ID 19816
[2022-06-26 15:13:15] [       397][:588347800] [SC] Waiting for PBKDF param request
[2022-06-26 15:13:15] [       397][:588256632] [DIS] Updating services using commissioning mode 1
[2022-06-26 15:13:15] [       399][:588256632] [DIS] CHIP minimal mDNS started advertising.
[2022-06-26 15:13:15] [       399][:588257684] ConfigurationManagerImpl::_GetPrimaryWiFiMACAddress() is not supported now.
[2022-06-26 15:13:15] [       401][:588257684] [DIS] Failed to get primary mac address of device. Generating a random one.
[2022-06-26 15:13:15] [       407][:588256632] [DIS] Advertise commission parameter vendorID=65521 productID=32771 discriminator=3840/15
[2022-06-26 15:13:15] [       408][:588256632] [DIS] CHIP minimal mDNS configured as 'Commissionable node device'.
[2022-06-26 15:13:15] [       409][:588256632] [DIS] mDNS service published: _matterc._udp
[2022-06-26 15:13:15] [       409][:588347800] [DIS] Scheduling discovery timeout in 900s
[2022-06-26 15:13:15] [       410][:588256632] [DIS] Updating services using commissioning mode 1
[2022-06-26 15:13:15] [       411][:588256632] [DIS] CHIP minimal mDNS started advertising.
[2022-06-26 15:13:15] [       411][:588257684] ConfigurationManagerImpl::_GetPrimaryWiFiMACAddress() is not supported now.
[2022-06-26 15:13:15] [       412][:588257684] [DIS] Failed to get primary mac address of device. Generating a random one.
[2022-06-26 15:13:15] [       418][:588256632] [DIS] Advertise commission parameter vendorID=65521 productID=32771 discriminator=3840/15
[2022-06-26 15:13:15] [       420][:588256632] [DIS] CHIP minimal mDNS configured as 'Commissionable node device'.
[2022-06-26 15:13:15] [       420][:588256632] [DIS] mDNS service published: _matterc._udp
[2022-06-26 15:13:15] [       421][:588347800] [DIS] Scheduling discovery timeout in 900s
[2022-06-26 15:13:15] [       421][:588256632] [IN] CASE Server enabling CASE session setups
[2022-06-26 15:13:15] [       423][:588347800] [IN] SecureSession[0x42021248]: Allocated Type:2 LSID:19817
[2022-06-26 15:13:15] [       423][:588347800] [SC] Allocated SecureSession (0x42021248) - waiting for Sigma1 msg
[2022-06-26 15:13:15] [       424][:588256632] [SVR] Joining Multicast groups
[2022-06-26 15:13:15] [       424][:588347800] [ZCL] Emitting StartUp event
[2022-06-26 15:13:15] [       425][:588257684] [EVL] Log event with error Error CHIP:0x000000BF
[2022-06-26 15:13:15] [       425][:588257684] [ZCL] Failed to emit StartUp event: bf
[2022-06-26 15:13:15] [       426][:588256632] [SVR] Server Listening...
[2022-06-26 15:13:15] [       448][:588256632] [SWU] Stopping the watchdog timer
[2022-06-26 15:13:15] [       449][:588256632] [SWU] Starting the periodic query timer, timeout: 86400 seconds
[2022-06-26 15:13:15] [       450][:588256632] [DL] Device Configuration:
[2022-06-26 15:13:15] [       450][:588347800] [DMG] Endpoint 0, Cluster 0x0000_002A update version to 6fc8da71
[2022-06-26 15:13:15] [       451][:588256632] PostAttributeChangeCallback - Cluster ID: '0x002a', EndPoint ID: '0x00', Attribute ID: '0x0002'
[2022-06-26 15:13:15] [       452][:588256632] Unhandled cluster ID: 42
[2022-06-26 15:13:15] [       453][:588347800] [DMG] Endpoint 0, Cluster 0x0000_002A update version to 6fc8da72
[2022-06-26 15:13:15] [       455][:588256632] PostAttributeChangeCallback - Cluster ID: '0x002a', EndPoint ID: '0x00', Attribute ID: '0x0003'
[2022-06-26 15:13:15] [       456][:588256632] Unhandled cluster ID: 42
[2022-06-26 15:13:15] [       458][:588256632] [DL]   Serial Number: (not set)
[2022-06-26 15:13:15] [       459][:588256632] [DL]   Vendor Id: 65521 (0xFFF1)
[2022-06-26 15:13:15] [       459][:588256632] [DL]   Product Id: 32771 (0x8003)
[2022-06-26 15:13:15] [       464][:588256632] [DL]   Hardware Version: 0
[2022-06-26 15:13:15] [       470][:588256632] [DL]   Setup Pin Code (0 for UNKNOWN/ERROR): 20202021
[2022-06-26 15:13:15] [       475][:588256632] [DL]   Setup Discriminator (0xFFFF for UNKNOWN/ERROR): 3840 (0xF00)
[2022-06-26 15:13:15] [       480][:588256632] [DL]   Manufacturing Date: (not set)
[2022-06-26 15:13:15] [       480][:588256632] [DL]   Device Type: 65535 (0xFFFF)
[2022-06-26 15:13:16] [       489][:588256632] [SVR] SetupQRCode: [MT:2980142C00KA0648G00]
[2022-06-26 15:13:16] [       490][:588256632] [SVR] Copy/paste the below URL in a browser to see the QR Code:
[2022-06-26 15:13:16] [       490][:588256632] [SVR] https://project-chip.github.io/connectedhomeip/qrcode.html?data=MT%3A2980142C00KA0648G00
[2022-06-26 15:13:16] [       491][:588256632] [SVR] Manual pairing code: [34970112332]
[2022-06-26 15:13:16] [BL] [SEC] TRNG Handler
[2022-06-26 15:13:16] [BL] [SEC] TRNG Handler
[2022-06-26 15:13:17] [BL] [SEC] TRNG Handler
[2022-06-26 15:13:18] 
[2022-06-26 15:13:18] Terminating...
[2022-06-26 15:13:18] Thanks for using picocom
